Filename: /Users/rohithr/Desktop/leetcode/memoryprofiler.py

Line #    Mem usage    Increment  Occurrences   Line Contents
=============================================================
     4     46.4 MiB     46.4 MiB           1   @profile(stream = file_log)
     5                                         def myfucn(list_size):
     6     54.0 MiB      7.6 MiB           1       l1 = ['hello'] * list_size
     7     61.7 MiB      7.6 MiB           1       l2 = ['world'] * list_size
     8     61.7 MiB      0.0 MiB           1       del l2
     9     61.7 MiB      0.0 MiB           1       return l1


Filename: /Users/rohithr/Desktop/leetcode/memoryprofiler.py

Line #    Mem usage    Increment  Occurrences   Line Contents
=============================================================
     4     61.7 MiB     61.7 MiB           1   @profile(stream = file_log)
     5                                         def myfucn(list_size):
     6     61.7 MiB      0.0 MiB           1       l1 = ['hello'] * list_size
     7     61.7 MiB      0.0 MiB           1       l2 = ['world'] * list_size
     8     61.7 MiB      0.0 MiB           1       del l2
     9     61.7 MiB      0.0 MiB           1       return l1


Filename: /Users/rohithr/Desktop/leetcode/memoryprofiler.py

Line #    Mem usage    Increment  Occurrences   Line Contents
=============================================================
     4     61.7 MiB     61.7 MiB           1   @profile(stream = file_log)
     5                                         def myfucn(list_size):
     6    549.4 MiB    487.7 MiB           1       l1 = ['hello'] * list_size
     7    512.5 MiB    -36.9 MiB           1       l2 = ['world'] * list_size
     8     11.2 MiB   -501.4 MiB           1       del l2
     9     11.4 MiB      0.2 MiB           1       return l1


